Analysis & Synthesis report for JAM
Sat Jan 11 02:00:26 2025
Quartus Prime Version 20.1.1 Build 720 11/11/2020 SJ Lite Edition


---------------------
; Table of Contents ;
---------------------
  1. Legal Notice
  2. Analysis & Synthesis Summary
  3. Analysis & Synthesis Settings
  4. Parallel Compilation
  5. Analysis & Synthesis Source Files Read
  6. Analysis & Synthesis Resource Usage Summary
  7. Analysis & Synthesis Resource Utilization by Entity
  8. State Machine - |JAM|state
  9. Registers Removed During Synthesis
 10. General Register Statistics
 11. Inverted Register Statistics
 12. Multiplexer Restructuring Statistics (Restructuring Performed)
 13. Post-Synthesis Netlist Statistics for Top Partition
 14. Elapsed Time Per Partition
 15. Analysis & Synthesis Messages



----------------
; Legal Notice ;
----------------
Copyright (C) 2020  Intel Corporation. All rights reserved.
Your use of Intel Corporation's design tools, logic functions 
and other software and tools, and any partner logic 
functions, and any output files from any of the foregoing 
(including device programming or simulation files), and any 
associated documentation or information are expressly subject 
to the terms and conditions of the Intel Program License 
Subscription Agreement, the Intel Quartus Prime License Agreement,
the Intel FPGA IP License Agreement, or other applicable license
agreement, including, without limitation, that your use is for
the sole purpose of programming logic devices manufactured by
Intel and sold by Intel or its authorized distributors.  Please
refer to the applicable agreement for further details, at
https://fpgasoftware.intel.com/eula.



+----------------------------------------------------------------------------------+
; Analysis & Synthesis Summary                                                     ;
+------------------------------------+---------------------------------------------+
; Analysis & Synthesis Status        ; Successful - Sat Jan 11 02:00:26 2025       ;
; Quartus Prime Version              ; 20.1.1 Build 720 11/11/2020 SJ Lite Edition ;
; Revision Name                      ; JAM                                         ;
; Top-level Entity Name              ; JAM                                         ;
; Family                             ; Cyclone IV E                                ;
; Total logic elements               ; 344                                         ;
;     Total combinational functions  ; 340                                         ;
;     Dedicated logic registers      ; 91                                          ;
; Total registers                    ; 91                                          ;
; Total pins                         ; 30                                          ;
; Total virtual pins                 ; 0                                           ;
; Total memory bits                  ; 0                                           ;
; Embedded Multiplier 9-bit elements ; 0                                           ;
; Total PLLs                         ; 0                                           ;
+------------------------------------+---------------------------------------------+


+------------------------------------------------------------------------------------------------------------+
; Analysis & Synthesis Settings                                                                              ;
+------------------------------------------------------------------+--------------------+--------------------+
; Option                                                           ; Setting            ; Default Value      ;
+------------------------------------------------------------------+--------------------+--------------------+
; Device                                                           ; EP4CE6F17C8        ;                    ;
; Top-level entity name                                            ; JAM                ; JAM                ;
; Family name                                                      ; Cyclone IV E       ; Cyclone V          ;
; Use smart compilation                                            ; Off                ; Off                ;
; Enable parallel Assembler and Timing Analyzer during compilation ; On                 ; On                 ;
; Enable compact report table                                      ; Off                ; Off                ;
; Restructure Multiplexers                                         ; Auto               ; Auto               ;
; Create Debugging Nodes for IP Cores                              ; Off                ; Off                ;
; Preserve fewer node names                                        ; On                 ; On                 ;
; Intel FPGA IP Evaluation Mode                                    ; Enable             ; Enable             ;
; Verilog Version                                                  ; Verilog_2001       ; Verilog_2001       ;
; VHDL Version                                                     ; VHDL_1993          ; VHDL_1993          ;
; State Machine Processing                                         ; Auto               ; Auto               ;
; Safe State Machine                                               ; Off                ; Off                ;
; Extract Verilog State Machines                                   ; On                 ; On                 ;
; Extract VHDL State Machines                                      ; On                 ; On                 ;
; Ignore Verilog initial constructs                                ; Off                ; Off                ;
; Iteration limit for constant Verilog loops                       ; 5000               ; 5000               ;
; Iteration limit for non-constant Verilog loops                   ; 250                ; 250                ;
; Add Pass-Through Logic to Inferred RAMs                          ; On                 ; On                 ;
; Infer RAMs from Raw Logic                                        ; On                 ; On                 ;
; Parallel Synthesis                                               ; On                 ; On                 ;
; DSP Block Balancing                                              ; Auto               ; Auto               ;
; NOT Gate Push-Back                                               ; On                 ; On                 ;
; Power-Up Don't Care                                              ; On                 ; On                 ;
; Remove Redundant Logic Cells                                     ; Off                ; Off                ;
; Remove Duplicate Registers                                       ; On                 ; On                 ;
; Ignore CARRY Buffers                                             ; Off                ; Off                ;
; Ignore CASCADE Buffers                                           ; Off                ; Off                ;
; Ignore GLOBAL Buffers                                            ; Off                ; Off                ;
; Ignore ROW GLOBAL Buffers                                        ; Off                ; Off                ;
; Ignore LCELL Buffers                                             ; Off                ; Off                ;
; Ignore SOFT Buffers                                              ; On                 ; On                 ;
; Limit AHDL Integers to 32 Bits                                   ; Off                ; Off                ;
; Optimization Technique                                           ; Balanced           ; Balanced           ;
; Carry Chain Length                                               ; 70                 ; 70                 ;
; Auto Carry Chains                                                ; On                 ; On                 ;
; Auto Open-Drain Pins                                             ; On                 ; On                 ;
; Perform WYSIWYG Primitive Resynthesis                            ; Off                ; Off                ;
; Auto ROM Replacement                                             ; On                 ; On                 ;
; Auto RAM Replacement                                             ; On                 ; On                 ;
; Auto DSP Block Replacement                                       ; On                 ; On                 ;
; Auto Shift Register Replacement                                  ; Auto               ; Auto               ;
; Allow Shift Register Merging across Hierarchies                  ; Auto               ; Auto               ;
; Auto Clock Enable Replacement                                    ; On                 ; On                 ;
; Strict RAM Replacement                                           ; Off                ; Off                ;
; Allow Synchronous Control Signals                                ; On                 ; On                 ;
; Force Use of Synchronous Clear Signals                           ; Off                ; Off                ;
; Auto RAM Block Balancing                                         ; On                 ; On                 ;
; Auto RAM to Logic Cell Conversion                                ; Off                ; Off                ;
; Auto Resource Sharing                                            ; Off                ; Off                ;
; Allow Any RAM Size For Recognition                               ; Off                ; Off                ;
; Allow Any ROM Size For Recognition                               ; Off                ; Off                ;
; Allow Any Shift Register Size For Recognition                    ; Off                ; Off                ;
; Use LogicLock Constraints during Resource Balancing              ; On                 ; On                 ;
; Ignore translate_off and synthesis_off directives                ; Off                ; Off                ;
; Timing-Driven Synthesis                                          ; On                 ; On                 ;
; Report Parameter Settings                                        ; On                 ; On                 ;
; Report Source Assignments                                        ; On                 ; On                 ;
; Report Connectivity Checks                                       ; On                 ; On                 ;
; Ignore Maximum Fan-Out Assignments                               ; Off                ; Off                ;
; Synchronization Register Chain Length                            ; 2                  ; 2                  ;
; Power Optimization During Synthesis                              ; Normal compilation ; Normal compilation ;
; HDL message level                                                ; Level2             ; Level2             ;
; Suppress Register Optimization Related Messages                  ; Off                ; Off                ;
; Number of Removed Registers Reported in Synthesis Report         ; 5000               ; 5000               ;
; Number of Swept Nodes Reported in Synthesis Report               ; 5000               ; 5000               ;
; Number of Inverted Registers Reported in Synthesis Report        ; 100                ; 100                ;
; Clock MUX Protection                                             ; On                 ; On                 ;
; Auto Gated Clock Conversion                                      ; Off                ; Off                ;
; Block Design Naming                                              ; Auto               ; Auto               ;
; SDC constraint protection                                        ; Off                ; Off                ;
; Synthesis Effort                                                 ; Auto               ; Auto               ;
; Shift Register Replacement - Allow Asynchronous Clear Signal     ; On                 ; On                 ;
; Pre-Mapping Resynthesis Optimization                             ; Off                ; Off                ;
; Analysis & Synthesis Message Level                               ; Medium             ; Medium             ;
; Disable Register Merging Across Hierarchies                      ; Auto               ; Auto               ;
; Resource Aware Inference For Block RAM                           ; On                 ; On                 ;
+------------------------------------------------------------------+--------------------+--------------------+


+------------------------------------------+
; Parallel Compilation                     ;
+----------------------------+-------------+
; Processors                 ; Number      ;
+----------------------------+-------------+
; Number detected on machine ; 16          ;
; Maximum allowed            ; 12          ;
;                            ;             ;
; Average used               ; 1.00        ;
; Maximum used               ; 12          ;
;                            ;             ;
; Usage by Processor         ; % Time Used ;
;     Processor 1            ; 100.0%      ;
;     Processors 2-12        ;   0.0%      ;
+----------------------------+-------------+


+--------------------------------------------------------------------------------------------------------------------------------------------------+
; Analysis & Synthesis Source Files Read                                                                                                           ;
+----------------------------------+-----------------+------------------------+----------------------------------------------------------+---------+
; File Name with User-Entered Path ; Used in Netlist ; File Type              ; File Name with Absolute Path                             ; Library ;
+----------------------------------+-----------------+------------------------+----------------------------------------------------------+---------+
; JAM.v                            ; yes             ; User Verilog HDL File  ; C:/Users/Yuson/Documents/Verilog/final/JAM/quartus/JAM.v ;         ;
+----------------------------------+-----------------+------------------------+----------------------------------------------------------+---------+


+---------------------------------------------------------+
; Analysis & Synthesis Resource Usage Summary             ;
+---------------------------------------------+-----------+
; Resource                                    ; Usage     ;
+---------------------------------------------+-----------+
; Estimated Total logic elements              ; 344       ;
;                                             ;           ;
; Total combinational functions               ; 340       ;
; Logic element usage by number of LUT inputs ;           ;
;     -- 4 input functions                    ; 233       ;
;     -- 3 input functions                    ; 71        ;
;     -- <=2 input functions                  ; 36        ;
;                                             ;           ;
; Logic elements by mode                      ;           ;
;     -- normal mode                          ; 322       ;
;     -- arithmetic mode                      ; 18        ;
;                                             ;           ;
; Total registers                             ; 91        ;
;     -- Dedicated logic registers            ; 91        ;
;     -- I/O registers                        ; 0         ;
;                                             ;           ;
; I/O pins                                    ; 30        ;
;                                             ;           ;
; Embedded Multiplier 9-bit elements          ; 0         ;
;                                             ;           ;
; Maximum fan-out node                        ; CLK~input ;
; Maximum fan-out                             ; 91        ;
; Total fan-out                               ; 1643      ;
; Average fan-out                             ; 3.35      ;
+---------------------------------------------+-----------+


+----------------------------------------------------------------------------------------------------------------------------------------------------------------------------------------------------------+
; Analysis & Synthesis Resource Utilization by Entity                                                                                                                                                      ;
+----------------------------+---------------------+---------------------------+-------------+--------------+---------+-----------+------+--------------+---------------------+-------------+--------------+
; Compilation Hierarchy Node ; Combinational ALUTs ; Dedicated Logic Registers ; Memory Bits ; DSP Elements ; DSP 9x9 ; DSP 18x18 ; Pins ; Virtual Pins ; Full Hierarchy Name ; Entity Name ; Library Name ;
+----------------------------+---------------------+---------------------------+-------------+--------------+---------+-----------+------+--------------+---------------------+-------------+--------------+
; |JAM                       ; 340 (340)           ; 91 (91)                   ; 0           ; 0            ; 0       ; 0         ; 30   ; 0            ; |JAM                ; JAM         ; work         ;
+----------------------------+---------------------+---------------------------+-------------+--------------+---------+-----------+------+--------------+---------------------+-------------+--------------+
Note: For table entries with two numbers listed, the numbers in parentheses indicate the number of resources of the given type used by the specific entity alone. The numbers listed outside of parentheses indicate the total resources of the given type used by the specific entity and all of its sub-entities in the hierarchy.


Encoding Type:  One-Hot
+-----------------------------------------------------------------------------------------------------------+
; State Machine - |JAM|state                                                                                ;
+---------------+------------+---------------+------------+------------+-----------+-----------+------------+
; Name          ; state.DONE ; state.REVERSE ; state.SWAP ; state.FIND ; state.CAL ; state.GET ; state.IDLE ;
+---------------+------------+---------------+------------+------------+-----------+-----------+------------+
; state.IDLE    ; 0          ; 0             ; 0          ; 0          ; 0         ; 0         ; 0          ;
; state.GET     ; 0          ; 0             ; 0          ; 0          ; 0         ; 1         ; 1          ;
; state.CAL     ; 0          ; 0             ; 0          ; 0          ; 1         ; 0         ; 1          ;
; state.FIND    ; 0          ; 0             ; 0          ; 1          ; 0         ; 0         ; 1          ;
; state.SWAP    ; 0          ; 0             ; 1          ; 0          ; 0         ; 0         ; 1          ;
; state.REVERSE ; 0          ; 1             ; 0          ; 0          ; 0         ; 0         ; 1          ;
; state.DONE    ; 1          ; 0             ; 0          ; 0          ; 0         ; 0         ; 1          ;
+---------------+------------+---------------+------------+------------+-----------+-----------+------------+


+---------------------------------------------------------------------------+
; Registers Removed During Synthesis                                        ;
+----------------------------------------+----------------------------------+
; Register name                          ; Reason for Removal               ;
+----------------------------------------+----------------------------------+
; p[0][4]                                ; Merged with p[0][3]              ;
; p[0][5]                                ; Merged with p[0][3]              ;
; p[0][6]                                ; Merged with p[0][3]              ;
; p[1][4]                                ; Merged with p[1][3]              ;
; p[1][5]                                ; Merged with p[1][3]              ;
; p[1][6]                                ; Merged with p[1][3]              ;
; p[2][4]                                ; Merged with p[2][3]              ;
; p[2][5]                                ; Merged with p[2][3]              ;
; p[2][6]                                ; Merged with p[2][3]              ;
; p[3][4]                                ; Merged with p[3][3]              ;
; p[3][5]                                ; Merged with p[3][3]              ;
; p[3][6]                                ; Merged with p[3][3]              ;
; p[4][4]                                ; Merged with p[4][3]              ;
; p[4][5]                                ; Merged with p[4][3]              ;
; p[4][6]                                ; Merged with p[4][3]              ;
; p[5][4]                                ; Merged with p[5][3]              ;
; p[5][5]                                ; Merged with p[5][3]              ;
; p[5][6]                                ; Merged with p[5][3]              ;
; p[6][4]                                ; Merged with p[6][3]              ;
; p[6][5]                                ; Merged with p[6][3]              ;
; p[6][6]                                ; Merged with p[6][3]              ;
; p[7][4]                                ; Merged with p[7][3]              ;
; p[7][5]                                ; Merged with p[7][3]              ;
; p[7][6]                                ; Merged with p[7][3]              ;
; current_max_value[4..6]                ; Merged with current_max_value[3] ;
; state~11                               ; Lost fanout                      ;
; state~12                               ; Lost fanout                      ;
; state~13                               ; Lost fanout                      ;
; Total Number of Removed Registers = 30 ;                                  ;
+----------------------------------------+----------------------------------+


+------------------------------------------------------+
; General Register Statistics                          ;
+----------------------------------------------+-------+
; Statistic                                    ; Value ;
+----------------------------------------------+-------+
; Total registers                              ; 91    ;
; Number of registers using Synchronous Clear  ; 10    ;
; Number of registers using Synchronous Load   ; 14    ;
; Number of registers using Asynchronous Clear ; 91    ;
; Number of registers using Asynchronous Load  ; 0     ;
; Number of registers using Clock Enable       ; 76    ;
; Number of registers using Preset             ; 0     ;
+----------------------------------------------+-------+


+---------------------------------------------------+
; Inverted Register Statistics                      ;
+-----------------------------------------+---------+
; Inverted Register                       ; Fan out ;
+-----------------------------------------+---------+
; MinCost[0]~reg0                         ; 3       ;
; MinCost[1]~reg0                         ; 3       ;
; MinCost[2]~reg0                         ; 3       ;
; MinCost[3]~reg0                         ; 3       ;
; MinCost[4]~reg0                         ; 3       ;
; MinCost[5]~reg0                         ; 3       ;
; MinCost[6]~reg0                         ; 3       ;
; MinCost[7]~reg0                         ; 3       ;
; MinCost[8]~reg0                         ; 3       ;
; MinCost[9]~reg0                         ; 3       ;
; p[5][0]                                 ; 5       ;
; p[7][0]                                 ; 5       ;
; p[1][0]                                 ; 6       ;
; p[3][0]                                 ; 5       ;
; p[6][1]                                 ; 5       ;
; p[7][1]                                 ; 5       ;
; p[2][1]                                 ; 6       ;
; p[3][1]                                 ; 5       ;
; p[6][2]                                 ; 5       ;
; p[5][2]                                 ; 5       ;
; p[4][2]                                 ; 6       ;
; p[7][2]                                 ; 5       ;
; Total number of inverted registers = 22 ;         ;
+-----------------------------------------+---------+


+---------------------------------------------------------------------------------------------------------------------------------------------+
; Multiplexer Restructuring Statistics (Restructuring Performed)                                                                              ;
+--------------------+-----------+---------------+----------------------+------------------------+------------+-------------------------------+
; Multiplexer Inputs ; Bus Width ; Baseline Area ; Area if Restructured ; Saving if Restructured ; Registered ; Example Multiplexer Output    ;
+--------------------+-----------+---------------+----------------------+------------------------+------------+-------------------------------+
; 3:1                ; 4 bits    ; 8 LEs         ; 4 LEs                ; 4 LEs                  ; Yes        ; |JAM|MatchCount[1]~reg0       ;
; 5:1                ; 8 bits    ; 24 LEs        ; 8 LEs                ; 16 LEs                 ; Yes        ; |JAM|current_max_value[2]     ;
; 5:1                ; 4 bits    ; 12 LEs        ; 4 LEs                ; 8 LEs                  ; Yes        ; |JAM|reverse_end_pointer[1]   ;
; 6:1                ; 10 bits   ; 40 LEs        ; 10 LEs               ; 30 LEs                 ; Yes        ; |JAM|current_cost[2]          ;
; 7:1                ; 4 bits    ; 16 LEs        ; 4 LEs                ; 12 LEs                 ; Yes        ; |JAM|reverse_start_pointer[0] ;
; 9:1                ; 2 bits    ; 12 LEs        ; 4 LEs                ; 8 LEs                  ; Yes        ; |JAM|p[6][0]                  ;
; 9:1                ; 2 bits    ; 12 LEs        ; 4 LEs                ; 8 LEs                  ; Yes        ; |JAM|p[5][3]                  ;
; 9:1                ; 3 bits    ; 18 LEs        ; 6 LEs                ; 12 LEs                 ; Yes        ; |JAM|p[4][0]                  ;
; 9:1                ; 2 bits    ; 12 LEs        ; 4 LEs                ; 8 LEs                  ; Yes        ; |JAM|p[3][3]                  ;
; 9:1                ; 3 bits    ; 18 LEs        ; 6 LEs                ; 12 LEs                 ; Yes        ; |JAM|p[2][0]                  ;
; 9:1                ; 3 bits    ; 18 LEs        ; 6 LEs                ; 12 LEs                 ; Yes        ; |JAM|p[1][3]                  ;
; 9:1                ; 4 bits    ; 24 LEs        ; 8 LEs                ; 16 LEs                 ; Yes        ; |JAM|p[0][3]                  ;
; 12:1               ; 2 bits    ; 16 LEs        ; 8 LEs                ; 8 LEs                  ; Yes        ; |JAM|counter[2]               ;
; 9:1                ; 3 bits    ; 18 LEs        ; 6 LEs                ; 12 LEs                 ; Yes        ; |JAM|p[7][1]                  ;
; 9:1                ; 2 bits    ; 12 LEs        ; 4 LEs                ; 8 LEs                  ; Yes        ; |JAM|p[6][1]                  ;
; 9:1                ; 2 bits    ; 12 LEs        ; 4 LEs                ; 8 LEs                  ; Yes        ; |JAM|p[5][0]                  ;
; 9:1                ; 2 bits    ; 12 LEs        ; 4 LEs                ; 8 LEs                  ; Yes        ; |JAM|p[3][0]                  ;
; 8:1                ; 4 bits    ; 20 LEs        ; 20 LEs               ; 0 LEs                  ; No         ; |JAM|Mux31                    ;
; 8:1                ; 4 bits    ; 20 LEs        ; 20 LEs               ; 0 LEs                  ; No         ; |JAM|Mux37                    ;
; 8:1                ; 4 bits    ; 20 LEs        ; 20 LEs               ; 0 LEs                  ; No         ; |JAM|Mux23                    ;
; 8:1                ; 3 bits    ; 15 LEs        ; 15 LEs               ; 0 LEs                  ; No         ; |JAM|Mux18                    ;
; 8:1                ; 3 bits    ; 15 LEs        ; 15 LEs               ; 0 LEs                  ; No         ; |JAM|counter                  ;
; 11:1               ; 5 bits    ; 35 LEs        ; 20 LEs               ; 15 LEs                 ; No         ; |JAM|Selector17               ;
; 12:1               ; 2 bits    ; 16 LEs        ; 8 LEs                ; 8 LEs                  ; No         ; |JAM|Selector16               ;
+--------------------+-----------+---------------+----------------------+------------------------+------------+-------------------------------+


+-----------------------------------------------------+
; Post-Synthesis Netlist Statistics for Top Partition ;
+-----------------------+-----------------------------+
; Type                  ; Count                       ;
+-----------------------+-----------------------------+
; boundary_port         ; 30                          ;
; cycloneiii_ff         ; 91                          ;
;     CLR               ; 15                          ;
;     ENA CLR           ; 52                          ;
;     ENA CLR SCLR      ; 10                          ;
;     ENA CLR SLD       ; 14                          ;
; cycloneiii_lcell_comb ; 350                         ;
;     arith             ; 18                          ;
;         2 data inputs ; 2                           ;
;         3 data inputs ; 16                          ;
;     normal            ; 332                         ;
;         1 data inputs ; 21                          ;
;         2 data inputs ; 23                          ;
;         3 data inputs ; 55                          ;
;         4 data inputs ; 233                         ;
;                       ;                             ;
; Max LUT depth         ; 10.00                       ;
; Average LUT depth     ; 5.12                        ;
+-----------------------+-----------------------------+


+-------------------------------+
; Elapsed Time Per Partition    ;
+----------------+--------------+
; Partition Name ; Elapsed Time ;
+----------------+--------------+
; Top            ; 00:00:01     ;
+----------------+--------------+


+-------------------------------+
; Analysis & Synthesis Messages ;
+-------------------------------+
Info: *******************************************************************
Info: Running Quartus Prime Analysis & Synthesis
    Info: Version 20.1.1 Build 720 11/11/2020 SJ Lite Edition
    Info: Processing started: Sat Jan 11 02:00:18 2025
Info: Command: quartus_map --read_settings_files=on --write_settings_files=off JAM -c JAM
Warning (18236): Number of processors has not been specified which may cause overloading on shared machines.  Set the global assignment NUM_PARALLEL_PROCESSORS in your QSF to an appropriate value for best performance.
Info (20030): Parallel compilation is enabled and will use 12 of the 12 processors detected
Info (12021): Found 1 design units, including 1 entities, in source file jam.v
    Info (12023): Found entity 1: JAM File: C:/Users/Yuson/Documents/Verilog/final/JAM/quartus/JAM.v Line: 1
Info (12127): Elaborating entity "JAM" for the top level hierarchy
Warning (10230): Verilog HDL assignment warning at JAM.v(67): truncated value with size 7 to match size of target (3) File: C:/Users/Yuson/Documents/Verilog/final/JAM/quartus/JAM.v Line: 67
Warning (10230): Verilog HDL assignment warning at JAM.v(68): truncated value with size 7 to match size of target (3) File: C:/Users/Yuson/Documents/Verilog/final/JAM/quartus/JAM.v Line: 68
Warning (10230): Verilog HDL assignment warning at JAM.v(69): truncated value with size 7 to match size of target (3) File: C:/Users/Yuson/Documents/Verilog/final/JAM/quartus/JAM.v Line: 69
Warning (10230): Verilog HDL assignment warning at JAM.v(70): truncated value with size 7 to match size of target (3) File: C:/Users/Yuson/Documents/Verilog/final/JAM/quartus/JAM.v Line: 70
Warning (10230): Verilog HDL assignment warning at JAM.v(71): truncated value with size 7 to match size of target (3) File: C:/Users/Yuson/Documents/Verilog/final/JAM/quartus/JAM.v Line: 71
Warning (10230): Verilog HDL assignment warning at JAM.v(72): truncated value with size 7 to match size of target (3) File: C:/Users/Yuson/Documents/Verilog/final/JAM/quartus/JAM.v Line: 72
Warning (10230): Verilog HDL assignment warning at JAM.v(73): truncated value with size 7 to match size of target (3) File: C:/Users/Yuson/Documents/Verilog/final/JAM/quartus/JAM.v Line: 73
Warning (10230): Verilog HDL assignment warning at JAM.v(74): truncated value with size 7 to match size of target (3) File: C:/Users/Yuson/Documents/Verilog/final/JAM/quartus/JAM.v Line: 74
Warning (10230): Verilog HDL assignment warning at JAM.v(86): truncated value with size 32 to match size of target (4) File: C:/Users/Yuson/Documents/Verilog/final/JAM/quartus/JAM.v Line: 86
Warning (10230): Verilog HDL assignment warning at JAM.v(97): truncated value with size 32 to match size of target (4) File: C:/Users/Yuson/Documents/Verilog/final/JAM/quartus/JAM.v Line: 97
Warning (10230): Verilog HDL assignment warning at JAM.v(109): truncated value with size 32 to match size of target (4) File: C:/Users/Yuson/Documents/Verilog/final/JAM/quartus/JAM.v Line: 109
Warning (10230): Verilog HDL assignment warning at JAM.v(111): truncated value with size 32 to match size of target (4) File: C:/Users/Yuson/Documents/Verilog/final/JAM/quartus/JAM.v Line: 111
Warning (10230): Verilog HDL assignment warning at JAM.v(115): truncated value with size 32 to match size of target (4) File: C:/Users/Yuson/Documents/Verilog/final/JAM/quartus/JAM.v Line: 115
Warning (10230): Verilog HDL assignment warning at JAM.v(128): truncated value with size 32 to match size of target (4) File: C:/Users/Yuson/Documents/Verilog/final/JAM/quartus/JAM.v Line: 128
Warning (10230): Verilog HDL assignment warning at JAM.v(137): truncated value with size 32 to match size of target (4) File: C:/Users/Yuson/Documents/Verilog/final/JAM/quartus/JAM.v Line: 137
Warning (10230): Verilog HDL assignment warning at JAM.v(151): truncated value with size 32 to match size of target (4) File: C:/Users/Yuson/Documents/Verilog/final/JAM/quartus/JAM.v Line: 151
Warning (10230): Verilog HDL assignment warning at JAM.v(152): truncated value with size 32 to match size of target (4) File: C:/Users/Yuson/Documents/Verilog/final/JAM/quartus/JAM.v Line: 152
Info (13000): Registers with preset signals will power-up high File: C:/Users/Yuson/Documents/Verilog/final/JAM/quartus/JAM.v Line: 56
Info (13003): DEV_CLRn pin will set, and not reset, register with preset signal due to NOT Gate Push-Back
Info (286030): Timing-Driven Synthesis is running
Info (17049): 3 registers lost all their fanouts during netlist optimizations.
Info (16010): Generating hard_block partition "hard_block:auto_generated_inst"
    Info (16011): Adding 0 node(s), including 0 DDIO, 0 PLL, 0 transceiver and 0 LCELL
Info (21057): Implemented 381 device resources after synthesis - the final resource count might be different
    Info (21058): Implemented 9 input pins
    Info (21059): Implemented 21 output pins
    Info (21061): Implemented 351 logic cells
Info: Quartus Prime Analysis & Synthesis was successful. 0 errors, 18 warnings
    Info: Peak virtual memory: 4824 megabytes
    Info: Processing ended: Sat Jan 11 02:00:26 2025
    Info: Elapsed time: 00:00:08
    Info: Total CPU time (on all processors): 00:00:06


